12:30:28 **** Incremental Build of configuration Debug for project RTC_open103V ****
make -j16 all 
arm-none-eabi-size   RTC_open103V.elf 
   text	   data	    bss	    dec	    hex	filename
  17272	    112	   1680	  19064	   4a78	RTC_open103V.elf
Finished building: default.size.stdout
 
12:30:45 **** Incremental Build of configuration Debug for project RTC_open103V ****
make -j16 all 
arm-none-eabi-size   RTC_open103V.elf 
   text	   data	    bss	    dec	    hex	filename
  17272	    112	   1680	  19064	   4a78	RTC_open103V.elf
Finished building: default.size.stdout
 
12:30:58 **** Incremental Build of configuration Debug for project RTC_open103V ****
make -j16 all 
arm-none-eabi-size   RTC_open103V.elf 
   text	   data	    bss	    dec	    hex	filename
  17272	    112	   1680	  19064	   4a78	RTC_open103V.elf
Finished building: default.size.stdout
 
12:31:57 **** Incremental Build of configuration Debug for project RTC_open103V ****
make -j16 all 
arm-none-eabi-gcc "../Core/Src/main.c" -mcpu=cortex-m3 -std=gnu11 -g3 -DSTM32F103xE -DUSE_HAL_DRIVER -DDEBUG -c -I../Drivers/CMSIS/Device/ST/STM32F1xx/Include -I../Drivers/CMSIS/Include -I../Core/Inc -I../Drivers/STM32F1xx_HAL_Driver/Inc/Legacy -I../Drivers/STM32F1xx_HAL_Driver/Inc -O0 -ffunction-sections -fdata-sections -Wall -fstack-usage -MMD -MP -MF"Core/Src/main.d" -MT"Core/Src/main.o" --specs=nano.specs -mfloat-abi=soft -mthumb -o "Core/Src/main.o"
arm-none-eabi-gcc -o "RTC_open103V.elf" @"objects.list"   -mcpu=cortex-m3 -T"D:\STM32CubeIDE\workspace\RTC_open103V\STM32F103VETX_FLASH.ld" --specs=nosys.specs -Wl,-Map="RTC_open103V.map" -Wl,--gc-sections -static --specs=nano.specs -mfloat-abi=soft -mthumb -Wl,--start-group -lc -lm -Wl,--end-group
Finished building target: RTC_open103V.elf
 
arm-none-eabi-objdump -h -S  RTC_open103V.elf  > "RTC_open103V.list"
arm-none-eabi-objcopy  -O binary  RTC_open103V.elf  "RTC_open103V.bin"
arm-none-eabi-size   RTC_open103V.elf 
   text	   data	    bss	    dec	    hex	filename
  17264	    112	   1680	  19056	   4a70	RTC_open103V.elf
Finished building: default.size.stdout
 
Finished building: RTC_open103V.bin
 
Finished building: RTC_open103V.list
 
12:32:05 **** Incremental Build of configuration Debug for project RTC_open103V ****
make -j16 all 
arm-none-eabi-size   RTC_open103V.elf 
   text	   data	    bss	    dec	    hex	filename
  17264	    112	   1680	  19056	   4a70	RTC_open103V.elf
Finished building: default.size.stdout
 
12:33:02 **** Incremental Build of configuration Debug for project RTC_open103V ****
make -j16 all 
arm-none-eabi-gcc "../Core/Src/usart.c" -mcpu=cortex-m3 -std=gnu11 -g3 -DSTM32F103xE -DUSE_HAL_DRIVER -DDEBUG -c -I../Drivers/CMSIS/Device/ST/STM32F1xx/Include -I../Drivers/CMSIS/Include -I../Core/Inc -I../Drivers/STM32F1xx_HAL_Driver/Inc/Legacy -I../Drivers/STM32F1xx_HAL_Driver/Inc -O0 -ffunction-sections -fdata-sections -Wall -fstack-usage -MMD -MP -MF"Core/Src/usart.d" -MT"Core/Src/usart.o" --specs=nano.specs -mfloat-abi=soft -mthumb -o "Core/Src/usart.o"
arm-none-eabi-gcc -o "RTC_open103V.elf" @"objects.list"   -mcpu=cortex-m3 -T"D:\STM32CubeIDE\workspace\RTC_open103V\STM32F103VETX_FLASH.ld" --specs=nosys.specs -Wl,-Map="RTC_open103V.map" -Wl,--gc-sections -static --specs=nano.specs -mfloat-abi=soft -mthumb -Wl,--start-group -lc -lm -Wl,--end-group
Finished building target: RTC_open103V.elf
 
arm-none-eabi-objdump -h -S  RTC_open103V.elf  > "RTC_open103V.list"
arm-none-eabi-objcopy  -O binary  RTC_open103V.elf  "RTC_open103V.bin"
arm-none-eabi-size   RTC_open103V.elf 
   text	   data	    bss	    dec	    hex	filename
  17944	    112	   1680	  19736	   4d18	RTC_open103V.elf
Finished building: default.size.stdout
 
Finished building: RTC_open103V.bin
 
Finished building: RTC_open103V.list
 
12:33:10 **** Incremental Build of configuration Debug for project RTC_open103V ****
make -j16 all 
arm-none-eabi-size   RTC_open103V.elf 
   text	   data	    bss	    dec	    hex	filename
  17944	    112	   1680	  19736	   4d18	RTC_open103V.elf
Finished building: default.size.stdout
 
